<?xml version="1.0" encoding="utf-8"?>
<coverage line-rate="1" branch-rate="0.8076000000000001" version="1.9" timestamp="1687956882" lines-covered="29" lines-valid="29" branches-covered="21" branches-valid="26">
  <sources>
    <source>/</source>
  </sources>
  <packages>
    <package name="SquareEquationLib" line-rate="1" branch-rate="0.8076000000000001" complexity="26">
      <classes>
        <class name="SquareEquationLib.SquareEquation" filename="home/ubuntu/OmSTU-AMCS-SummerPractice2023/SquareEquationLib/SquareEquation.cs" line-rate="1" branch-rate="0.8076000000000001" complexity="26">
          <methods>
            <method name="Solve" signature="(System.Double,System.Double,System.Double)" line-rate="1" branch-rate="0.8076000000000001" complexity="26">
              <lines>
                <line number="6" hits="11" branch="False" />
                <line number="7" hits="11" branch="False" />
                <line number="10" hits="11" branch="False" />
                <line number="12" hits="11" branch="True" condition-coverage="100% (8/8)">
                  <conditions>
                    <condition number="38" type="jump" coverage="100%" />
                    <condition number="46" type="jump" coverage="100%" />
                    <condition number="55" type="jump" coverage="100%" />
                    <condition number="70" type="jump" coverage="100%" />
                  </conditions>
                </line>
                <line number="13" hits="4" branch="False" />
                <line number="14" hits="4" branch="False" />
                <line number="16" hits="7" branch="True" condition-coverage="66.66% (4/6)">
                  <conditions>
                    <condition number="85" type="jump" coverage="50%" />
                    <condition number="93" type="jump" coverage="50%" />
                    <condition number="108" type="jump" coverage="100%" />
                  </conditions>
                </line>
                <line number="17" hits="1" branch="False" />
                <line number="18" hits="1" branch="False" />
                <line number="20" hits="6" branch="True" condition-coverage="66.66% (4/6)">
                  <conditions>
                    <condition number="123" type="jump" coverage="50%" />
                    <condition number="131" type="jump" coverage="50%" />
                    <condition number="146" type="jump" coverage="100%" />
                  </conditions>
                </line>
                <line number="21" hits="1" branch="False" />
                <line number="22" hits="1" branch="False" />
                <line number="25" hits="5" branch="False" />
                <line number="27" hits="5" branch="True" condition-coverage="75% (3/4)">
                  <conditions>
                    <condition number="178" type="jump" coverage="50%" />
                    <condition number="192" type="jump" coverage="100%" />
                  </conditions>
                </line>
                <line number="28" hits="2" branch="False" />
                <line number="29" hits="2" branch="False" />
                <line number="31" hits="2" branch="False" />
                <line number="33" hits="2" branch="False" />
                <line number="34" hits="2" branch="False" />
                <line number="35" hits="5" branch="True" condition-coverage="100% (2/2)">
                  <conditions>
                    <condition number="234" type="jump" coverage="100%" />
                  </conditions>
                </line>
                <line number="36" hits="3" branch="False" />
                <line number="37" hits="3" branch="False" />
                <line number="39" hits="3" branch="False" />
                <line number="40" hits="3" branch="False" />
                <line number="42" hits="3" branch="False" />
                <line number="43" hits="3" branch="False" />
                <line number="44" hits="3" branch="False" />
                <line number="46" hits="5" branch="False" />
                <line number="47" hits="5" branch="False" />
              </lines>
            </method>
          </methods>
          <lines>
            <line number="6" hits="11" branch="False" />
            <line number="7" hits="11" branch="False" />
            <line number="10" hits="11" branch="False" />
            <line number="12" hits="11" branch="True" condition-coverage="100% (8/8)">
              <conditions>
                <condition number="38" type="jump" coverage="100%" />
                <condition number="46" type="jump" coverage="100%" />
                <condition number="55" type="jump" coverage="100%" />
                <condition number="70" type="jump" coverage="100%" />
              </conditions>
            </line>
            <line number="13" hits="4" branch="False" />
            <line number="14" hits="4" branch="False" />
            <line number="16" hits="7" branch="True" condition-coverage="66.66% (4/6)">
              <conditions>
                <condition number="85" type="jump" coverage="50%" />
                <condition number="93" type="jump" coverage="50%" />
                <condition number="108" type="jump" coverage="100%" />
              </conditions>
            </line>
            <line number="17" hits="1" branch="False" />
            <line number="18" hits="1" branch="False" />
            <line number="20" hits="6" branch="True" condition-coverage="66.66% (4/6)">
              <conditions>
                <condition number="123" type="jump" coverage="50%" />
                <condition number="131" type="jump" coverage="50%" />
                <condition number="146" type="jump" coverage="100%" />
              </conditions>
            </line>
            <line number="21" hits="1" branch="False" />
            <line number="22" hits="1" branch="False" />
            <line number="25" hits="5" branch="False" />
            <line number="27" hits="5" branch="True" condition-coverage="75% (3/4)">
              <conditions>
                <condition number="178" type="jump" coverage="50%" />
                <condition number="192" type="jump" coverage="100%" />
              </conditions>
            </line>
            <line number="28" hits="2" branch="False" />
            <line number="29" hits="2" branch="False" />
            <line number="31" hits="2" branch="False" />
            <line number="33" hits="2" branch="False" />
            <line number="34" hits="2" branch="False" />
            <line number="35" hits="5" branch="True" condition-coverage="100% (2/2)">
              <conditions>
                <condition number="234" type="jump" coverage="100%" />
              </conditions>
            </line>
            <line number="36" hits="3" branch="False" />
            <line number="37" hits="3" branch="False" />
            <line number="39" hits="3" branch="False" />
            <line number="40" hits="3" branch="False" />
            <line number="42" hits="3" branch="False" />
            <line number="43" hits="3" branch="False" />
            <line number="44" hits="3" branch="False" />
            <line number="46" hits="5" branch="False" />
            <line number="47" hits="5" branch="False" />
          </lines>
        </class>
      </classes>
    </package>
  </packages>
</coverage>