<?xml version="1.0" encoding="utf-8"?>
<coverage line-rate="1" branch-rate="1" version="1.9" timestamp="1687885674" lines-covered="21" lines-valid="21" branches-covered="24" branches-valid="24">
  <sources>
    <source>/</source>
  </sources>
  <packages>
    <package name="SquareEquationLib" line-rate="1" branch-rate="1" complexity="24">
      <classes>
        <class name="SquareEquationLib.SquareEquation" filename="root/OmSTU-AMCS-SummerPractice2023/SquareEquationLib/SquareEquation.cs" line-rate="1" branch-rate="1" complexity="24">
          <methods>
            <method name="Solve" signature="(System.Double,System.Double,System.Double)" line-rate="1" branch-rate="1" complexity="24">
              <lines>
                <line number="5" hits="7" branch="False" />
                <line number="6" hits="7" branch="False" />
                <line number="7" hits="7" branch="False" />
                <line number="8" hits="7" branch="False" />
                <line number="10" hits="7" branch="True" condition-coverage="100% (4/4)">
                  <conditions>
                    <condition number="39" type="jump" coverage="100%" />
                    <condition number="50" type="jump" coverage="100%" />
                  </conditions>
                </line>
                <line number="11" hits="1" branch="False" />
                <line number="12" hits="1" branch="False" />
                <line number="14" hits="6" branch="True" condition-coverage="100% (16/16)">
                  <conditions>
                    <condition number="67" type="jump" coverage="100%" />
                    <condition number="71" type="jump" coverage="100%" />
                    <condition number="79" type="jump" coverage="100%" />
                    <condition number="87" type="jump" coverage="100%" />
                    <condition number="95" type="jump" coverage="100%" />
                    <condition number="103" type="jump" coverage="100%" />
                    <condition number="111" type="jump" coverage="100%" />
                    <condition number="126" type="jump" coverage="100%" />
                  </conditions>
                </line>
                <line number="15" hits="3" branch="False" />
                <line number="17" hits="4" branch="True" condition-coverage="100% (2/2)">
                  <conditions>
                    <condition number="151" type="jump" coverage="100%" />
                  </conditions>
                </line>
                <line number="18" hits="2" branch="True" condition-coverage="100% (2/2)">
                  <conditions>
                    <condition number="172" type="jump" coverage="100%" />
                  </conditions>
                </line>
                <line number="19" hits="1" branch="False" />
                <line number="20" hits="1" branch="False" />
                <line number="21" hits="1" branch="False" />
                <line number="22" hits="1" branch="False" />
                <line number="25" hits="1" branch="False" />
                <line number="26" hits="1" branch="False" />
                <line number="27" hits="1" branch="False" />
                <line number="28" hits="1" branch="False" />
                <line number="29" hits="1" branch="False" />
                <line number="31" hits="3" branch="False" />
              </lines>
            </method>
          </methods>
          <lines>
            <line number="5" hits="7" branch="False" />
            <line number="6" hits="7" branch="False" />
            <line number="7" hits="7" branch="False" />
            <line number="8" hits="7" branch="False" />
            <line number="10" hits="7" branch="True" condition-coverage="100% (4/4)">
              <conditions>
                <condition number="39" type="jump" coverage="100%" />
                <condition number="50" type="jump" coverage="100%" />
              </conditions>
            </line>
            <line number="11" hits="1" branch="False" />
            <line number="12" hits="1" branch="False" />
            <line number="14" hits="6" branch="True" condition-coverage="100% (16/16)">
              <conditions>
                <condition number="67" type="jump" coverage="100%" />
                <condition number="71" type="jump" coverage="100%" />
                <condition number="79" type="jump" coverage="100%" />
                <condition number="87" type="jump" coverage="100%" />
                <condition number="95" type="jump" coverage="100%" />
                <condition number="103" type="jump" coverage="100%" />
                <condition number="111" type="jump" coverage="100%" />
                <condition number="126" type="jump" coverage="100%" />
              </conditions>
            </line>
            <line number="15" hits="3" branch="False" />
            <line number="17" hits="4" branch="True" condition-coverage="100% (2/2)">
              <conditions>
                <condition number="151" type="jump" coverage="100%" />
              </conditions>
            </line>
            <line number="18" hits="2" branch="True" condition-coverage="100% (2/2)">
              <conditions>
                <condition number="172" type="jump" coverage="100%" />
              </conditions>
            </line>
            <line number="19" hits="1" branch="False" />
            <line number="20" hits="1" branch="False" />
            <line number="21" hits="1" branch="False" />
            <line number="22" hits="1" branch="False" />
            <line number="25" hits="1" branch="False" />
            <line number="26" hits="1" branch="False" />
            <line number="27" hits="1" branch="False" />
            <line number="28" hits="1" branch="False" />
            <line number="29" hits="1" branch="False" />
            <line number="31" hits="3" branch="False" />
          </lines>
        </class>
      </classes>
    </package>
  </packages>
</coverage>