<?xml version="1.0" encoding="utf-8"?>
<coverage line-rate="1" branch-rate="1" version="1.9" timestamp="1687687438" lines-covered="17" lines-valid="17" branches-covered="14" branches-valid="14">
  <sources>
    <source>/</source>
  </sources>
  <packages>
    <package name="SquareEquationLib" line-rate="1" branch-rate="1" complexity="14">
      <classes>
        <class name="SquareEquationLib.SquareEquation" filename="home/ubuntu/projects/OmSTU-AMCS-SummerPractice2023/SquareEquationLib/SquareEquation.cs" line-rate="1" branch-rate="1" complexity="14">
          <methods>
            <method name="Solve" signature="(System.Double,System.Double,System.Double)" line-rate="1" branch-rate="1" complexity="14">
              <lines>
                <line number="6" hits="13" branch="False" />
                <line number="9" hits="13" branch="True" condition-coverage="100% (2/2)">
                  <conditions>
                    <condition number="20" type="jump" coverage="100%" />
                  </conditions>
                </line>
                <line number="10" hits="1" branch="False" />
                <line number="12" hits="103" branch="True" condition-coverage="100% (2/2)">
                  <conditions>
                    <condition number="106" type="jump" coverage="100%" />
                  </conditions>
                </line>
                <line number="13" hits="34" branch="False" />
                <line number="14" hits="34" branch="True" condition-coverage="100% (4/4)">
                  <conditions>
                    <condition number="69" type="jump" coverage="100%" />
                    <condition number="85" type="jump" coverage="100%" />
                  </conditions>
                </line>
                <line number="15" hits="1" branch="False" />
                <line number="16" hits="33" branch="False" />
                <line number="18" hits="11" branch="False" />
                <line number="19" hits="11" branch="True" condition-coverage="100% (4/4)">
                  <conditions>
                    <condition number="133" type="jump" coverage="100%" />
                    <condition number="162" type="jump" coverage="100%" />
                  </conditions>
                </line>
                <line number="20" hits="3" branch="False" />
                <line number="22" hits="8" branch="False" />
                <line number="23" hits="8" branch="False" />
                <line number="25" hits="8" branch="True" condition-coverage="100% (2/2)">
                  <conditions>
                    <condition number="222" type="jump" coverage="100%" />
                  </conditions>
                </line>
                <line number="26" hits="5" branch="False" />
                <line number="28" hits="3" branch="False" />
                <line number="29" hits="11" branch="False" />
              </lines>
            </method>
          </methods>
          <lines>
            <line number="6" hits="13" branch="False" />
            <line number="9" hits="13" branch="True" condition-coverage="100% (2/2)">
              <conditions>
                <condition number="20" type="jump" coverage="100%" />
              </conditions>
            </line>
            <line number="10" hits="1" branch="False" />
            <line number="12" hits="103" branch="True" condition-coverage="100% (2/2)">
              <conditions>
                <condition number="106" type="jump" coverage="100%" />
              </conditions>
            </line>
            <line number="13" hits="34" branch="False" />
            <line number="14" hits="34" branch="True" condition-coverage="100% (4/4)">
              <conditions>
                <condition number="69" type="jump" coverage="100%" />
                <condition number="85" type="jump" coverage="100%" />
              </conditions>
            </line>
            <line number="15" hits="1" branch="False" />
            <line number="16" hits="33" branch="False" />
            <line number="18" hits="11" branch="False" />
            <line number="19" hits="11" branch="True" condition-coverage="100% (4/4)">
              <conditions>
                <condition number="133" type="jump" coverage="100%" />
                <condition number="162" type="jump" coverage="100%" />
              </conditions>
            </line>
            <line number="20" hits="3" branch="False" />
            <line number="22" hits="8" branch="False" />
            <line number="23" hits="8" branch="False" />
            <line number="25" hits="8" branch="True" condition-coverage="100% (2/2)">
              <conditions>
                <condition number="222" type="jump" coverage="100%" />
              </conditions>
            </line>
            <line number="26" hits="5" branch="False" />
            <line number="28" hits="3" branch="False" />
            <line number="29" hits="11" branch="False" />
          </lines>
        </class>
      </classes>
    </package>
  </packages>
</coverage>