<?xml version="1.0" encoding="utf-8"?>
<coverage line-rate="1" branch-rate="1" version="1.9" timestamp="1688474274" lines-covered="26" lines-valid="26" branches-covered="10" branches-valid="10">
  <sources>
    <source>/</source>
  </sources>
  <packages>
    <package name="Spacebattle" line-rate="1" branch-rate="1" complexity="14">
      <classes>
        <class name="SpaceBattle.SpaceShip" filename="home/ubuntu/Omstu/Omstu-3/Spacebattle/Spacebattle.cs" line-rate="1" branch-rate="1" complexity="14">
          <methods>
            <method name="SetPosition" signature="(System.Double[])" line-rate="1" branch-rate="1" complexity="1">
              <lines>
                <line number="13" hits="4" branch="False" />
                <line number="14" hits="4" branch="False" />
                <line number="15" hits="4" branch="False" />
              </lines>
            </method>
            <method name="SetSpeed" signature="(System.Double[])" line-rate="1" branch-rate="1" complexity="1">
              <lines>
                <line number="17" hits="4" branch="False" />
                <line number="18" hits="4" branch="False" />
                <line number="19" hits="4" branch="False" />
              </lines>
            </method>
            <method name="SetSPosOfMove" signature="(System.Boolean)" line-rate="1" branch-rate="1" complexity="1">
              <lines>
                <line number="21" hits="1" branch="False" />
                <line number="22" hits="1" branch="False" />
                <line number="23" hits="1" branch="False" />
              </lines>
            </method>
            <method name="Movement" signature="()" line-rate="1" branch-rate="1" complexity="10">
              <lines>
                <line number="25" hits="4" branch="False" />
                <line number="26" hits="5" branch="True" condition-coverage="100% (4/4)">
                  <conditions>
                    <condition number="14" type="jump" coverage="100%" />
                    <condition number="34" type="jump" coverage="100%" />
                  </conditions>
                </line>
                <line number="27" hits="1" branch="False" />
                <line number="29" hits="4" branch="True" condition-coverage="100% (4/4)">
                  <conditions>
                    <condition number="56" type="jump" coverage="100%" />
                    <condition number="76" type="jump" coverage="100%" />
                  </conditions>
                </line>
                <line number="30" hits="1" branch="False" />
                <line number="32" hits="3" branch="True" condition-coverage="100% (2/2)">
                  <conditions>
                    <condition number="96" type="jump" coverage="100%" />
                  </conditions>
                </line>
                <line number="33" hits="1" branch="False" />
                <line number="35" hits="1" branch="False" />
                <line number="36" hits="1" branch="False" />
                <line number="37" hits="1" branch="False" />
                <line number="38" hits="1" branch="False" />
                <line number="40" hits="1" branch="False" />
              </lines>
            </method>
            <method name=".ctor" signature="()" line-rate="1" branch-rate="1" complexity="1">
              <lines>
                <line number="5" hits="4" branch="False" />
                <line number="6" hits="4" branch="False" />
                <line number="7" hits="4" branch="False" />
                <line number="9" hits="4" branch="False" />
                <line number="10" hits="8" branch="False" />
              </lines>
            </method>
          </methods>
          <lines>
            <line number="13" hits="4" branch="False" />
            <line number="14" hits="4" branch="False" />
            <line number="15" hits="4" branch="False" />
            <line number="17" hits="4" branch="False" />
            <line number="18" hits="4" branch="False" />
            <line number="19" hits="4" branch="False" />
            <line number="21" hits="1" branch="False" />
            <line number="22" hits="1" branch="False" />
            <line number="23" hits="1" branch="False" />
            <line number="25" hits="4" branch="False" />
            <line number="26" hits="5" branch="True" condition-coverage="100% (4/4)">
              <conditions>
                <condition number="14" type="jump" coverage="100%" />
                <condition number="34" type="jump" coverage="100%" />
              </conditions>
            </line>
            <line number="27" hits="1" branch="False" />
            <line number="29" hits="4" branch="True" condition-coverage="100% (4/4)">
              <conditions>
                <condition number="56" type="jump" coverage="100%" />
                <condition number="76" type="jump" coverage="100%" />
              </conditions>
            </line>
            <line number="30" hits="1" branch="False" />
            <line number="32" hits="3" branch="True" condition-coverage="100% (2/2)">
              <conditions>
                <condition number="96" type="jump" coverage="100%" />
              </conditions>
            </line>
            <line number="33" hits="1" branch="False" />
            <line number="35" hits="1" branch="False" />
            <line number="36" hits="1" branch="False" />
            <line number="37" hits="1" branch="False" />
            <line number="38" hits="1" branch="False" />
            <line number="40" hits="1" branch="False" />
            <line number="5" hits="4" branch="False" />
            <line number="6" hits="4" branch="False" />
            <line number="7" hits="4" branch="False" />
            <line number="9" hits="4" branch="False" />
            <line number="10" hits="8" branch="False" />
          </lines>
        </class>
      </classes>
    </package>
  </packages>
</coverage>