<?xml version="1.0" encoding="utf-8"?>
<coverage line-rate="1" branch-rate="0.9" version="1.9" timestamp="1687767079" lines-covered="24" lines-valid="24" branches-covered="27" branches-valid="30">
  <sources>
    <source>/</source>
  </sources>
  <packages>
    <package name="SquareEquationLib" line-rate="1" branch-rate="0.9" complexity="30">
      <classes>
        <class name="SquareEquationLib.SquareEquation" filename="home/ubuntu/OmSTU/SquareEquationLib/SquareEquation.cs" line-rate="1" branch-rate="0.9" complexity="30">
          <methods>
            <method name="Solve" signature="(System.Double,System.Double,System.Double)" line-rate="1" branch-rate="0.9" complexity="30">
              <lines>
                <line number="6" hits="7" branch="False" />
                <line number="7" hits="7" branch="False" />
                <line number="9" hits="7" branch="False" />
                <line number="10" hits="7" branch="False" />
                <line number="12" hits="7" branch="True" condition-coverage="100% (4/4)">
                  <conditions>
                    <condition number="39" type="jump" coverage="100%" />
                    <condition number="50" type="jump" coverage="100%" />
                  </conditions>
                </line>
                <line number="13" hits="1" branch="False" />
                <line number="14" hits="6" branch="True" condition-coverage="100% (8/8)">
                  <conditions>
                    <condition number="64" type="jump" coverage="100%" />
                    <condition number="72" type="jump" coverage="100%" />
                    <condition number="80" type="jump" coverage="100%" />
                    <condition number="106" type="jump" coverage="100%" />
                  </conditions>
                </line>
                <line number="15" hits="1" branch="False" />
                <line number="16" hits="5" branch="True" condition-coverage="66.66% (4/6)">
                  <conditions>
                    <condition number="120" type="jump" coverage="50%" />
                    <condition number="128" type="jump" coverage="50%" />
                    <condition number="143" type="jump" coverage="100%" />
                  </conditions>
                </line>
                <line number="17" hits="1" branch="False" />
                <line number="18" hits="4" branch="True" condition-coverage="100% (6/6)">
                  <conditions>
                    <condition number="157" type="jump" coverage="100%" />
                    <condition number="165" type="jump" coverage="100%" />
                    <condition number="180" type="jump" coverage="100%" />
                  </conditions>
                </line>
                <line number="19" hits="1" branch="False" />
                <line number="22" hits="4" branch="True" condition-coverage="100% (2/2)">
                  <conditions>
                    <condition number="200" type="jump" coverage="100%" />
                  </conditions>
                </line>
                <line number="23" hits="1" branch="False" />
                <line number="25" hits="3" branch="True" condition-coverage="75% (3/4)">
                  <conditions>
                    <condition number="211" type="jump" coverage="50%" />
                    <condition number="224" type="jump" coverage="100%" />
                  </conditions>
                </line>
                <line number="26" hits="1" branch="False" />
                <line number="27" hits="1" branch="False" />
                <line number="28" hits="1" branch="False" />
                <line number="30" hits="1" branch="False" />
                <line number="31" hits="1" branch="False" />
                <line number="32" hits="1" branch="False" />
                <line number="33" hits="1" branch="False" />
                <line number="34" hits="1" branch="False" />
                <line number="36" hits="3" branch="False" />
              </lines>
            </method>
          </methods>
          <lines>
            <line number="6" hits="7" branch="False" />
            <line number="7" hits="7" branch="False" />
            <line number="9" hits="7" branch="False" />
            <line number="10" hits="7" branch="False" />
            <line number="12" hits="7" branch="True" condition-coverage="100% (4/4)">
              <conditions>
                <condition number="39" type="jump" coverage="100%" />
                <condition number="50" type="jump" coverage="100%" />
              </conditions>
            </line>
            <line number="13" hits="1" branch="False" />
            <line number="14" hits="6" branch="True" condition-coverage="100% (8/8)">
              <conditions>
                <condition number="64" type="jump" coverage="100%" />
                <condition number="72" type="jump" coverage="100%" />
                <condition number="80" type="jump" coverage="100%" />
                <condition number="106" type="jump" coverage="100%" />
              </conditions>
            </line>
            <line number="15" hits="1" branch="False" />
            <line number="16" hits="5" branch="True" condition-coverage="66.66% (4/6)">
              <conditions>
                <condition number="120" type="jump" coverage="50%" />
                <condition number="128" type="jump" coverage="50%" />
                <condition number="143" type="jump" coverage="100%" />
              </conditions>
            </line>
            <line number="17" hits="1" branch="False" />
            <line number="18" hits="4" branch="True" condition-coverage="100% (6/6)">
              <conditions>
                <condition number="157" type="jump" coverage="100%" />
                <condition number="165" type="jump" coverage="100%" />
                <condition number="180" type="jump" coverage="100%" />
              </conditions>
            </line>
            <line number="19" hits="1" branch="False" />
            <line number="22" hits="4" branch="True" condition-coverage="100% (2/2)">
              <conditions>
                <condition number="200" type="jump" coverage="100%" />
              </conditions>
            </line>
            <line number="23" hits="1" branch="False" />
            <line number="25" hits="3" branch="True" condition-coverage="75% (3/4)">
              <conditions>
                <condition number="211" type="jump" coverage="50%" />
                <condition number="224" type="jump" coverage="100%" />
              </conditions>
            </line>
            <line number="26" hits="1" branch="False" />
            <line number="27" hits="1" branch="False" />
            <line number="28" hits="1" branch="False" />
            <line number="30" hits="1" branch="False" />
            <line number="31" hits="1" branch="False" />
            <line number="32" hits="1" branch="False" />
            <line number="33" hits="1" branch="False" />
            <line number="34" hits="1" branch="False" />
            <line number="36" hits="3" branch="False" />
          </lines>
        </class>
      </classes>
    </package>
  </packages>
</coverage>