<?xml version="1.0" encoding="utf-8"?>
<coverage line-rate="1" branch-rate="1" version="1.9" timestamp="1687714966" lines-covered="20" lines-valid="20" branches-covered="14" branches-valid="14">
  <sources>
    <source>C:\</source>
  </sources>
  <packages>
    <package name="SquareEquationLib" line-rate="1" branch-rate="1" complexity="14">
      <classes>
        <class name="SquareEquationLib.SquareEquationLib" filename="Users\Егор\source\repos\OmSTU-AMCS-SummerPractice2023\SquareEquation\SquareEquationLib\SquareEquationLib.cs" line-rate="1" branch-rate="1" complexity="14">
          <methods>
            <method name="Solve" signature="(System.Double,System.Double,System.Double)" line-rate="1" branch-rate="1" complexity="14">
              <lines>
                <line number="6" hits="7" branch="False" />
                <line number="7" hits="7" branch="False" />
                <line number="8" hits="8" branch="True" condition-coverage="100% (2/2)">
                  <conditions>
                    <condition number="23" type="jump" coverage="100%" />
                  </conditions>
                </line>
                <line number="10" hits="9" branch="True" condition-coverage="100% (8/8)">
                  <conditions>
                    <condition number="55" type="jump" coverage="100%" />
                    <condition number="81" type="jump" coverage="100%" />
                    <condition number="107" type="jump" coverage="100%" />
                    <condition number="140" type="jump" coverage="100%" />
                  </conditions>
                </line>
                <line number="12" hits="3" branch="False" />
                <line number="13" hits="3" branch="False" />
                <line number="14" hits="3" branch="False" />
                <line number="15" hits="3" branch="False" />
                <line number="16" hits="4" branch="True" condition-coverage="100% (2/2)">
                  <conditions>
                    <condition number="193" type="jump" coverage="100%" />
                  </conditions>
                </line>
                <line number="17" hits="2" branch="True" condition-coverage="100% (2/2)">
                  <conditions>
                    <condition number="214" type="jump" coverage="100%" />
                  </conditions>
                </line>
                <line number="18" hits="1" branch="False" />
                <line number="19" hits="1" branch="False" />
                <line number="20" hits="1" branch="False" />
                <line number="21" hits="1" branch="False" />
                <line number="24" hits="1" branch="False" />
                <line number="25" hits="1" branch="False" />
                <line number="26" hits="1" branch="False" />
                <line number="27" hits="1" branch="False" />
                <line number="28" hits="1" branch="False" />
                <line number="30" hits="3" branch="False" />
              </lines>
            </method>
          </methods>
          <lines>
            <line number="6" hits="7" branch="False" />
            <line number="7" hits="7" branch="False" />
            <line number="8" hits="8" branch="True" condition-coverage="100% (2/2)">
              <conditions>
                <condition number="23" type="jump" coverage="100%" />
              </conditions>
            </line>
            <line number="10" hits="9" branch="True" condition-coverage="100% (8/8)">
              <conditions>
                <condition number="55" type="jump" coverage="100%" />
                <condition number="81" type="jump" coverage="100%" />
                <condition number="107" type="jump" coverage="100%" />
                <condition number="140" type="jump" coverage="100%" />
              </conditions>
            </line>
            <line number="12" hits="3" branch="False" />
            <line number="13" hits="3" branch="False" />
            <line number="14" hits="3" branch="False" />
            <line number="15" hits="3" branch="False" />
            <line number="16" hits="4" branch="True" condition-coverage="100% (2/2)">
              <conditions>
                <condition number="193" type="jump" coverage="100%" />
              </conditions>
            </line>
            <line number="17" hits="2" branch="True" condition-coverage="100% (2/2)">
              <conditions>
                <condition number="214" type="jump" coverage="100%" />
              </conditions>
            </line>
            <line number="18" hits="1" branch="False" />
            <line number="19" hits="1" branch="False" />
            <line number="20" hits="1" branch="False" />
            <line number="21" hits="1" branch="False" />
            <line number="24" hits="1" branch="False" />
            <line number="25" hits="1" branch="False" />
            <line number="26" hits="1" branch="False" />
            <line number="27" hits="1" branch="False" />
            <line number="28" hits="1" branch="False" />
            <line number="30" hits="3" branch="False" />
          </lines>
        </class>
      </classes>
    </package>
  </packages>
</coverage>