<?xml version="1.0" encoding="utf-8"?>
<coverage line-rate="1" branch-rate="1" version="1.9" timestamp="1688404839" lines-covered="12" lines-valid="12" branches-covered="8" branches-valid="8">
  <sources>
    <source>/</source>
  </sources>
  <packages>
    <package name="SpaceBattleLib" line-rate="1" branch-rate="1" complexity="8">
      <classes>
        <class name="SpaceBattleLib.SpaceBattle" filename="home/ubuntu/projects/OmSTU-AMCS-SummerPractice2023/SpaceBattle/SpaceBattleLib/SpaceBattle.cs" line-rate="1" branch-rate="1" complexity="8">
          <methods>
            <method name="Movement" signature="(System.Double[],System.Double[],System.Boolean)" line-rate="1" branch-rate="1" complexity="8">
              <lines>
                <line number="6" hits="4" branch="False" />
                <line number="7" hits="34" branch="True" condition-coverage="100% (2/2)">
                  <conditions>
                    <condition number="56" type="jump" coverage="100%" />
                  </conditions>
                </line>
                <line number="8" hits="12" branch="False" />
                <line number="9" hits="14" branch="True" condition-coverage="100% (2/2)">
                  <conditions>
                    <condition number="39" type="jump" coverage="100%" />
                  </conditions>
                </line>
                <line number="10" hits="10" branch="False" />
                <line number="12" hits="3" branch="True" condition-coverage="100% (2/2)">
                  <conditions>
                    <condition number="66" type="jump" coverage="100%" />
                  </conditions>
                </line>
                <line number="14" hits="6" branch="True" condition-coverage="100% (2/2)">
                  <conditions>
                    <condition number="114" type="jump" coverage="100%" />
                  </conditions>
                </line>
                <line number="15" hits="2" branch="False" />
                <line number="16" hits="2" branch="False" />
                <line number="17" hits="2" branch="False" />
                <line number="19" hits="1" branch="False" />
                <line number="20" hits="1" branch="False" />
              </lines>
            </method>
          </methods>
          <lines>
            <line number="6" hits="4" branch="False" />
            <line number="7" hits="34" branch="True" condition-coverage="100% (2/2)">
              <conditions>
                <condition number="56" type="jump" coverage="100%" />
              </conditions>
            </line>
            <line number="8" hits="12" branch="False" />
            <line number="9" hits="14" branch="True" condition-coverage="100% (2/2)">
              <conditions>
                <condition number="39" type="jump" coverage="100%" />
              </conditions>
            </line>
            <line number="10" hits="10" branch="False" />
            <line number="12" hits="3" branch="True" condition-coverage="100% (2/2)">
              <conditions>
                <condition number="66" type="jump" coverage="100%" />
              </conditions>
            </line>
            <line number="14" hits="6" branch="True" condition-coverage="100% (2/2)">
              <conditions>
                <condition number="114" type="jump" coverage="100%" />
              </conditions>
            </line>
            <line number="15" hits="2" branch="False" />
            <line number="16" hits="2" branch="False" />
            <line number="17" hits="2" branch="False" />
            <line number="19" hits="1" branch="False" />
            <line number="20" hits="1" branch="False" />
          </lines>
        </class>
      </classes>
    </package>
  </packages>
</coverage>